预见未来
女人不坏
叶问
梅兰芳
烈焰奇侠：黄金军团
非诚勿扰
大搜查
闪电狗
桃花运
马达加斯加2：逃往非洲
finish one comment
finish one comment
finish one comment
finish one comment
finish one comment
finish one comment
finish one comment
finish one comment
finish one comment
finish one comment
finish one comment
finish one comment
finish one comment
finish one comment
finish one comment
finish one comment
finish one comment
finish one comment
finish one comment
finish one comment
comment error accurs
finish one comment
finish one comment
comment error accurs
finish one comment
finish one comment
finish one comment
finish one comment
finish one comment
finish one comment
finish one comment
finish one comment
delete all tomorrow&aftomorrow movieinfo
finish time table
finish time table
finish tomorrow page
finish aftomorrow page
/home/movie/movie/sgetinfo.py:134: Warning: Data truncated for column 'htime' at row 1
  cursor.execute(sqltime, para)
预见未来
女人不坏
叶问
梅兰芳
烈焰奇侠：黄金军团
非诚勿扰
大搜查
闪电狗
桃花运
马达加斯加2：逃往非洲
finish one comment
finish one comment
finish one comment
finish one comment
finish one comment
finish one comment
finish one comment
finish one comment
finish one comment
finish one comment
finish one comment
finish one comment
finish one comment
finish one comment
finish one comment
finish one comment
finish one comment
finish one comment
finish one comment
finish one comment
finish one comment
finish one comment
finish one comment
finish one comment
finish one comment
finish one comment
finish one comment
finish one comment
finish one comment
finish one comment
delete all tomorrow&aftomorrow movieinfo
finish time table
finish time table
finish tomorrow page
finish aftomorrow page
/home/movie/cron/crawler.sh: line 4: /usr/bin/pthon: No such file or directory
