/home/movie/movie/sgetinfo.py:134: Warning: Data truncated for column 'htime' at row 1
  cursor.execute(sqltime, para)
预见未来
女人不坏
叶问
梅兰芳
非诚勿扰
大搜查
极地特快
闪电狗
马达加斯加2：逃往非洲
finish one comment
finish one comment
finish one comment
finish one comment
finish one comment
finish one comment
finish one comment
finish one comment
finish one comment
finish one comment
finish one comment
finish one comment
finish one comment
finish one comment
finish one comment
finish one comment
finish one comment
finish one comment
finish one comment
finish one comment
finish one comment
finish one comment
finish one comment
finish one comment
finish one comment
finish one comment
finish one comment
delete all tomorrow&aftomorrow movieinfo
finish time table
finish tomorrow page
finish aftomorrow page
--10:30:29--  http://img1.mtime.com/mt/507/52507/52507.jpg
           => `/home/cbibadmin/tomcat6/moviesite/movie/image/movie/52507.jpg.1'
Resolving img1.mtime.com... 58.205.216.18
Connecting to img1.mtime.com|58.205.216.18|:80... connected.
HTTP request sent, awaiting response... 200 OK
Length: 32,075 (31K) [image/jpeg]

    0K .......... .......... .......... .                    100%  431.14 KB/s

10:30:29 (431.14 KB/s) - `/home/cbibadmin/tomcat6/moviesite/movie/image/movie/52507.jpg.1' saved [32075/32075]

--10:30:29--  http://img1.mtime.com/mt/1801/57801/57801.jpg
           => `/home/cbibadmin/tomcat6/moviesite/movie/image/movie/57801.jpg.1'
Resolving img1.mtime.com... 58.205.216.18
Connecting to img1.mtime.com|58.205.216.18|:80... connected.
HTTP request sent, awaiting response... 200 OK
Length: 14,780 (14K) [image/jpeg]

    0K .......... ....                                       100%  280.01 KB/s

10:30:29 (280.01 KB/s) - `/home/cbibadmin/tomcat6/moviesite/movie/image/movie/57801.jpg.1' saved [14780/14780]

--10:30:29--  http://img1.mtime.com/mt/74/80074/80074.jpg
           => `/home/cbibadmin/tomcat6/moviesite/movie/image/movie/80074.jpg.1'
Resolving img1.mtime.com... 58.205.216.18
Connecting to img1.mtime.com|58.205.216.18|:80... connected.
HTTP request sent, awaiting response... 200 OK
Length: 12,664 (12K) [image/jpeg]

    0K .......... ..                                         100%  242.93 KB/s

10:30:29 (242.93 KB/s) - `/home/cbibadmin/tomcat6/moviesite/movie/image/movie/80074.jpg.1' saved [12664/12664]

--10:30:29--  http://img1.mtime.com/mt/1897/45897/45897.jpg
           => `/home/cbibadmin/tomcat6/moviesite/movie/image/movie/45897.jpg.1'
Resolving img1.mtime.com... 58.205.216.18
Connecting to img1.mtime.com|58.205.216.18|:80... connected.
HTTP request sent, awaiting response... 200 OK
Length: 13,530 (13K) [image/jpeg]

    0K .......... ...                                        100%  252.30 KB/s

10:30:29 (252.30 KB/s) - `/home/cbibadmin/tomcat6/moviesite/movie/image/movie/45897.jpg.1' saved [13530/13530]

--10:30:29--  http://img1.mtime.com/mt/647/84647/84647.jpg
           => `/home/cbibadmin/tomcat6/moviesite/movie/image/movie/84647.jpg.1'
Resolving img1.mtime.com... 58.205.216.18
Connecting to img1.mtime.com|58.205.216.18|:80... connected.
HTTP request sent, awaiting response... 200 OK
Length: 9,223 (9.0K) [image/jpeg]

    0K .........                                             100%  292.48 KB/s

10:30:29 (292.48 KB/s) - `/home/cbibadmin/tomcat6/moviesite/movie/image/movie/84647.jpg.1' saved [9223/9223]

--10:30:29--  http://img1.mtime.com/mt/1819/75819/75819.jpg
           => `/home/cbibadmin/tomcat6/moviesite/movie/image/movie/75819.jpg.1'
Resolving img1.mtime.com... 58.205.216.18
Connecting to img1.mtime.com|58.205.216.18|:80... connected.
HTTP request sent, awaiting response... 200 OK
Length: 31,851 (31K) [image/jpeg]

    0K .......... .......... .......... .                    100%  422.96 KB/s

10:30:30 (422.96 KB/s) - `/home/cbibadmin/tomcat6/moviesite/movie/image/movie/75819.jpg.1' saved [31851/31851]

--10:30:30--  http://img1.mtime.com/mt/1183/11183/11183.jpg
           => `/home/cbibadmin/tomcat6/moviesite/movie/image/movie/11183.jpg.1'
Resolving img1.mtime.com... 58.205.216.18
Connecting to img1.mtime.com|58.205.216.18|:80... connected.
HTTP request sent, awaiting response... 200 OK
Length: 36,370 (36K) [image/jpeg]

    0K .......... .......... .......... .....                100%  370.82 KB/s

10:30:30 (370.82 KB/s) - `/home/cbibadmin/tomcat6/moviesite/movie/image/movie/11183.jpg.1' saved [36370/36370]

--10:30:30--  http://img1.mtime.com/mt/1238/51238/51238.jpg
           => `/home/cbibadmin/tomcat6/moviesite/movie/image/movie/51238.jpg.1'
Resolving img1.mtime.com... 58.205.216.18
Connecting to img1.mtime.com|58.205.216.18|:80... connected.
HTTP request sent, awaiting response... 200 OK
Length: 33,351 (33K) [image/jpeg]

    0K .......... .......... .......... ..                   100%  433.54 KB/s

10:30:30 (433.54 KB/s) - `/home/cbibadmin/tomcat6/moviesite/movie/image/movie/51238.jpg.1' saved [33351/33351]

--10:30:30--  http://img1.mtime.com/mt/1732/53732/53732.jpg
           => `/home/cbibadmin/tomcat6/moviesite/movie/image/movie/53732.jpg.1'
Resolving img1.mtime.com... 58.205.216.18
Connecting to img1.mtime.com|58.205.216.18|:80... connected.
HTTP request sent, awaiting response... 200 OK
Length: 38,132 (37K) [image/jpeg]

    0K .......... .......... .......... .......              100%  380.44 KB/s

10:30:30 (380.44 KB/s) - `/home/cbibadmin/tomcat6/moviesite/movie/image/movie/53732.jpg.1' saved [38132/38132]

/home/movie/movie/sgetinfo.py:134: Warning: Data truncated for column 'htime' at row 1
  cursor.execute(sqltime, para)
预见未来
梅兰芳
女人不坏
叶问
赤壁（下）
非诚勿扰
大搜查
闪电狗
马达加斯加2：逃往非洲
finish one comment
finish one comment
finish one comment
finish one comment
finish one comment
finish one comment
finish one comment
finish one comment
finish one comment
finish one comment
finish one comment
finish one comment
finish one comment
finish one comment
finish one comment
finish one comment
finish one comment
finish one comment
finish one comment
finish one comment
finish one comment
finish one comment
finish one comment
finish one comment
finish one comment
finish one comment
finish one comment
delete all tomorrow&aftomorrow movieinfo
finish time table
finish tomorrow page
finish aftomorrow page
--10:31:13--  http://img1.mtime.com/mt/507/52507/52507.jpg
           => `/home/cbibadmin/tomcat6/moviesite/movie/image/movie/52507.jpg.1'
Resolving img1.mtime.com... 59.175.130.107
Connecting to img1.mtime.com|59.175.130.107|:80... connected.
HTTP request sent, awaiting response... 200 OK
Length: 32,075 (31K) [image/jpeg]

    0K .......... .......... .......... .                    100%    3.79 KB/s

10:31:24 (3.79 KB/s) - `/home/cbibadmin/tomcat6/moviesite/movie/image/movie/52507.jpg.1' saved [32075/32075]

--10:31:24--  http://img1.mtime.com/mt/1897/45897/45897.jpg
           => `/home/cbibadmin/tomcat6/moviesite/movie/image/movie/45897.jpg.1'
Resolving img1.mtime.com... 59.175.130.107
Connecting to img1.mtime.com|59.175.130.107|:80... connected.
HTTP request sent, awaiting response... 200 OK
Length: 13,530 (13K) [image/jpeg]

    0K .......... ...                                        100%   11.93 KB/s

10:31:27 (11.93 KB/s) - `/home/cbibadmin/tomcat6/moviesite/movie/image/movie/45897.jpg.1' saved [13530/13530]

--10:31:27--  http://img1.mtime.com/mt/1801/57801/57801.jpg
           => `/home/cbibadmin/tomcat6/moviesite/movie/image/movie/57801.jpg.1'
Resolving img1.mtime.com... 59.175.130.107
Connecting to img1.mtime.com|59.175.130.107|:80... connected.
HTTP request sent, awaiting response... 200 OK
Length: 14,780 (14K) [image/jpeg]

    0K .......... ....                                       100%   13.15 KB/s

10:31:29 (13.15 KB/s) - `/home/cbibadmin/tomcat6/moviesite/movie/image/movie/57801.jpg.1' saved [14780/14780]

--10:31:29--  http://img1.mtime.com/mt/74/80074/80074.jpg
           => `/home/cbibadmin/tomcat6/moviesite/movie/image/movie/80074.jpg.1'
Resolving img1.mtime.com... 59.175.130.107
Connecting to img1.mtime.com|59.175.130.107|:80... connected.
HTTP request sent, awaiting response... 200 OK
Length: 12,664 (12K) [image/jpeg]

    0K .......... ..                                         100%   11.47 KB/s

10:31:34 (11.47 KB/s) - `/home/cbibadmin/tomcat6/moviesite/movie/image/movie/80074.jpg.1' saved [12664/12664]

--10:31:34--  http://img1.mtime.com/mt/735/94735/94735.jpg
           => `/home/cbibadmin/tomcat6/moviesite/movie/image/movie/94735.jpg'
Resolving img1.mtime.com... 59.175.130.107
Connecting to img1.mtime.com|59.175.130.107|:80... connected.
HTTP request sent, awaiting response... 200 OK
Length: 17,361 (17K) [image/jpeg]

    0K .......... ......                                     100%   10.17 KB/s

10:31:37 (10.17 KB/s) - `/home/cbibadmin/tomcat6/moviesite/movie/image/movie/94735.jpg' saved [17361/17361]

--10:31:37--  http://img1.mtime.com/mt/647/84647/84647.jpg
           => `/home/cbibadmin/tomcat6/moviesite/movie/image/movie/84647.jpg.1'
Resolving img1.mtime.com... 59.175.130.107
Connecting to img1.mtime.com|59.175.130.107|:80... connected.
HTTP request sent, awaiting response... 200 OK
Length: 9,223 (9.0K) [image/jpeg]

    0K .........                                             100%   16.51 KB/s

10:31:38 (16.51 KB/s) - `/home/cbibadmin/tomcat6/moviesite/movie/image/movie/84647.jpg.1' saved [9223/9223]

--10:31:38--  http://img1.mtime.com/mt/1819/75819/75819.jpg
           => `/home/cbibadmin/tomcat6/moviesite/movie/image/movie/75819.jpg.1'
Resolving img1.mtime.com... 59.175.130.107
Connecting to img1.mtime.com|59.175.130.107|:80... connected.
HTTP request sent, awaiting response... 200 OK
Length: 31,851 (31K) [image/jpeg]

    0K .......... .......... .......... .                    100%   18.54 KB/s

10:31:41 (18.54 KB/s) - `/home/cbibadmin/tomcat6/moviesite/movie/image/movie/75819.jpg.1' saved [31851/31851]

--10:31:41--  http://img1.mtime.com/mt/1238/51238/51238.jpg
           => `/home/cbibadmin/tomcat6/moviesite/movie/image/movie/51238.jpg.1'
Resolving img1.mtime.com... 59.175.130.107
Connecting to img1.mtime.com|59.175.130.107|:80... connected.
HTTP request sent, awaiting response... 200 OK
Length: 33,351 (33K) [image/jpeg]

    0K .......... .......... .......... ..                   100%    9.85 KB/s

10:31:46 (9.85 KB/s) - `/home/cbibadmin/tomcat6/moviesite/movie/image/movie/51238.jpg.1' saved [33351/33351]

--10:31:46--  http://img1.mtime.com/mt/1732/53732/53732.jpg
           => `/home/cbibadmin/tomcat6/moviesite/movie/image/movie/53732.jpg.1'
Resolving img1.mtime.com... 59.175.130.107
Connecting to img1.mtime.com|59.175.130.107|:80... connected.
HTTP request sent, awaiting response... 200 OK
Length: 38,132 (37K) [image/jpeg]

    0K .......... .......... .......... .......              100%    8.50 KB/s

10:31:51 (8.50 KB/s) - `/home/cbibadmin/tomcat6/moviesite/movie/image/movie/53732.jpg.1' saved [38132/38132]

/home/movie/movie/sgetinfo.py:134: Warning: Data truncated for column 'htime' at row 1
  cursor.execute(sqltime, para)
梅兰芳
叶问
赤壁（下）
非诚勿扰
大搜查
闪电狗
马达加斯加2：逃往非洲
finish one comment
finish one comment
finish one comment
finish one comment
finish one comment
finish one comment
finish one comment
finish one comment
finish one comment
finish one comment
finish one comment
finish one comment
finish one comment
finish one comment
finish one comment
finish one comment
finish one comment
finish one comment
finish one comment
finish one comment
finish one comment
delete all tomorrow&aftomorrow movieinfo
finish time table
finish tomorrow page
finish aftomorrow page
--10:30:43--  http://img1.mtime.com/mt/1897/45897/45897.jpg
           => `/home/cbibadmin/tomcat6/moviesite/movie/image/movie/45897.jpg.1'
Resolving img1.mtime.com... 221.204.242.109, 123.235.32.42
Connecting to img1.mtime.com|221.204.242.109|:80... connected.
HTTP request sent, awaiting response... 200 OK
Length: 13,530 (13K) [image/jpeg]

    0K .......... ...                                        100%   35.14 KB/s

10:30:48 (35.14 KB/s) - `/home/cbibadmin/tomcat6/moviesite/movie/image/movie/45897.jpg.1' saved [13530/13530]

--10:30:48--  http://img1.mtime.com/mt/74/80074/80074.jpg
           => `/home/cbibadmin/tomcat6/moviesite/movie/image/movie/80074.jpg.1'
Resolving img1.mtime.com... 123.235.32.42, 221.204.242.109
Connecting to img1.mtime.com|123.235.32.42|:80... connected.
HTTP request sent, awaiting response... 200 OK
Length: 12,664 (12K) [image/jpeg]

    0K .......... ..                                         100%   47.40 KB/s

10:30:48 (47.40 KB/s) - `/home/cbibadmin/tomcat6/moviesite/movie/image/movie/80074.jpg.1' saved [12664/12664]

--10:30:48--  http://img1.mtime.com/mt/735/94735/94735.jpg
           => `/home/cbibadmin/tomcat6/moviesite/movie/image/movie/94735.jpg.1'
Resolving img1.mtime.com... 221.204.242.109, 123.235.32.42
Connecting to img1.mtime.com|221.204.242.109|:80... connected.
HTTP request sent, awaiting response... 200 OK
Length: 17,361 (17K) [image/jpeg]

    0K .......... ......                                     100%   16.88 KB/s

10:30:52 (16.88 KB/s) - `/home/cbibadmin/tomcat6/moviesite/movie/image/movie/94735.jpg.1' saved [17361/17361]

--10:30:52--  http://img1.mtime.com/mt/647/84647/84647.jpg
           => `/home/cbibadmin/tomcat6/moviesite/movie/image/movie/84647.jpg.1'
Resolving img1.mtime.com... 123.235.32.42, 221.204.242.109
Connecting to img1.mtime.com|123.235.32.42|:80... connected.
HTTP request sent, awaiting response... 200 OK
Length: 9,223 (9.0K) [image/jpeg]

    0K .........                                             100%   69.55 KB/s

10:30:53 (69.55 KB/s) - `/home/cbibadmin/tomcat6/moviesite/movie/image/movie/84647.jpg.1' saved [9223/9223]

--10:30:53--  http://img1.mtime.com/mt/1819/75819/75819.jpg
           => `/home/cbibadmin/tomcat6/moviesite/movie/image/movie/75819.jpg.1'
Resolving img1.mtime.com... 221.204.242.109, 123.235.32.42
Connecting to img1.mtime.com|221.204.242.109|:80... connected.
HTTP request sent, awaiting response... 200 OK
Length: 31,851 (31K) [image/jpeg]

    0K .......... .......... .......... .                    100%   83.62 KB/s

10:30:53 (83.62 KB/s) - `/home/cbibadmin/tomcat6/moviesite/movie/image/movie/75819.jpg.1' saved [31851/31851]

--10:30:53--  http://img1.mtime.com/mt/1238/51238/51238.jpg
           => `/home/cbibadmin/tomcat6/moviesite/movie/image/movie/51238.jpg.1'
Resolving img1.mtime.com... 123.235.32.42, 221.204.242.109
Connecting to img1.mtime.com|123.235.32.42|:80... connected.
HTTP request sent, awaiting response... 200 OK
Length: 33,351 (33K) [image/jpeg]

    0K .......... .......... .......... ..                   100%   24.76 KB/s

10:30:55 (24.76 KB/s) - `/home/cbibadmin/tomcat6/moviesite/movie/image/movie/51238.jpg.1' saved [33351/33351]

--10:30:55--  http://img1.mtime.com/mt/1732/53732/53732.jpg
           => `/home/cbibadmin/tomcat6/moviesite/movie/image/movie/53732.jpg.1'
Resolving img1.mtime.com... 221.204.242.109, 123.235.32.42
Connecting to img1.mtime.com|221.204.242.109|:80... connected.
HTTP request sent, awaiting response... 200 OK
Length: 38,132 (37K) [image/jpeg]

    0K .......... .......... .......... .......              100%   74.63 KB/s

10:30:56 (74.63 KB/s) - `/home/cbibadmin/tomcat6/moviesite/movie/image/movie/53732.jpg.1' saved [38132/38132]

/home/movie/movie/sgetinfo.py:134: Warning: Data truncated for column 'htime' at row 1
  cursor.execute(sqltime, para)
梅兰芳
叶问
赤壁（下）
非诚勿扰
大搜查
闪电狗
马达加斯加2：逃往非洲
finish one comment
finish one comment
finish one comment
finish one comment
finish one comment
finish one comment
finish one comment
finish one comment
finish one comment
finish one comment
finish one comment
finish one comment
finish one comment
finish one comment
finish one comment
finish one comment
finish one comment
finish one comment
finish one comment
finish one comment
finish one comment
delete all tomorrow&aftomorrow movieinfo
finish time table
finish tomorrow page
finish aftomorrow page
--10:30:34--  http://img1.mtime.com/mt/1897/45897/45897.jpg
           => `/home/cbibadmin/tomcat6/moviesite/movie/image/movie/45897.jpg.1'
Resolving img1.mtime.com... 58.205.216.18
Connecting to img1.mtime.com|58.205.216.18|:80... connected.
HTTP request sent, awaiting response... 200 OK
Length: 13,530 (13K) [image/jpeg]

    0K .......... ...                                        100%  285.61 KB/s

10:30:34 (285.61 KB/s) - `/home/cbibadmin/tomcat6/moviesite/movie/image/movie/45897.jpg.1' saved [13530/13530]

--10:30:34--  http://img1.mtime.com/mt/74/80074/80074.jpg
           => `/home/cbibadmin/tomcat6/moviesite/movie/image/movie/80074.jpg.1'
Resolving img1.mtime.com... 58.205.216.18
Connecting to img1.mtime.com|58.205.216.18|:80... connected.
HTTP request sent, awaiting response... 200 OK
Length: 12,664 (12K) [image/jpeg]

    0K .......... ..                                         100%  400.93 KB/s

10:30:35 (400.93 KB/s) - `/home/cbibadmin/tomcat6/moviesite/movie/image/movie/80074.jpg.1' saved [12664/12664]

--10:30:35--  http://img1.mtime.com/mt/735/94735/94735.jpg
           => `/home/cbibadmin/tomcat6/moviesite/movie/image/movie/94735.jpg.1'
Resolving img1.mtime.com... 58.205.216.18
Connecting to img1.mtime.com|58.205.216.18|:80... connected.
HTTP request sent, awaiting response... 200 OK
Length: 17,361 (17K) [image/jpeg]

    0K .......... ......                                     100%  376.09 KB/s

10:30:35 (376.09 KB/s) - `/home/cbibadmin/tomcat6/moviesite/movie/image/movie/94735.jpg.1' saved [17361/17361]

--10:30:35--  http://img1.mtime.com/mt/647/84647/84647.jpg
           => `/home/cbibadmin/tomcat6/moviesite/movie/image/movie/84647.jpg.1'
Resolving img1.mtime.com... 58.205.216.18
Connecting to img1.mtime.com|58.205.216.18|:80... connected.
HTTP request sent, awaiting response... 200 OK
Length: 9,223 (9.0K) [image/jpeg]

    0K .........                                             100%  370.95 KB/s

10:30:35 (370.95 KB/s) - `/home/cbibadmin/tomcat6/moviesite/movie/image/movie/84647.jpg.1' saved [9223/9223]

--10:30:35--  http://img1.mtime.com/mt/1819/75819/75819.jpg
           => `/home/cbibadmin/tomcat6/moviesite/movie/image/movie/75819.jpg.1'
Resolving img1.mtime.com... 58.205.216.18
Connecting to img1.mtime.com|58.205.216.18|:80... connected.
HTTP request sent, awaiting response... 200 OK
Length: 31,851 (31K) [image/jpeg]

    0K .......... .......... .......... .                    100%  458.36 KB/s

10:30:35 (458.36 KB/s) - `/home/cbibadmin/tomcat6/moviesite/movie/image/movie/75819.jpg.1' saved [31851/31851]

--10:30:35--  http://img1.mtime.com/mt/1238/51238/51238.jpg
           => `/home/cbibadmin/tomcat6/moviesite/movie/image/movie/51238.jpg.1'
Resolving img1.mtime.com... 58.205.216.18
Connecting to img1.mtime.com|58.205.216.18|:80... connected.
HTTP request sent, awaiting response... 200 OK
Length: 33,351 (33K) [image/jpeg]

    0K .......... .......... .......... ..                   100%  431.10 KB/s

10:30:35 (431.10 KB/s) - `/home/cbibadmin/tomcat6/moviesite/movie/image/movie/51238.jpg.1' saved [33351/33351]

--10:30:35--  http://img1.mtime.com/mt/1732/53732/53732.jpg
           => `/home/cbibadmin/tomcat6/moviesite/movie/image/movie/53732.jpg.1'
Resolving img1.mtime.com... 58.205.216.18
Connecting to img1.mtime.com|58.205.216.18|:80... connected.
HTTP request sent, awaiting response... 200 OK
Length: 38,132 (37K) [image/jpeg]

    0K .......... .......... .......... .......              100%  389.27 KB/s

10:30:35 (389.27 KB/s) - `/home/cbibadmin/tomcat6/moviesite/movie/image/movie/53732.jpg.1' saved [38132/38132]

/home/movie/movie/sgetinfo.py:134: Warning: Data truncated for column 'htime' at row 1
  cursor.execute(sqltime, para)
预见未来
梅兰芳
叶问
赤壁（下）
非诚勿扰
大搜查
闪电狗
马达加斯加2：逃往非洲
finish one comment
finish one comment
finish one comment
finish one comment
finish one comment
finish one comment
finish one comment
finish one comment
finish one comment
finish one comment
finish one comment
finish one comment
finish one comment
finish one comment
finish one comment
finish one comment
finish one comment
finish one comment
finish one comment
finish one comment
finish one comment
finish one comment
finish one comment
finish one comment
delete all tomorrow&aftomorrow movieinfo
finish time table
finish tomorrow page
finish aftomorrow page
--10:30:21--  http://img1.mtime.com/mt/507/52507/52507.jpg
           => `/home/cbibadmin/tomcat6/moviesite/movie/image/movie/52507.jpg.1'
Resolving img1.mtime.com... 58.205.216.18
Connecting to img1.mtime.com|58.205.216.18|:80... connected.
HTTP request sent, awaiting response... 200 OK
Length: 32,075 (31K) [image/jpeg]

    0K .......... .......... .......... .                    100%  433.65 KB/s

10:30:22 (433.65 KB/s) - `/home/cbibadmin/tomcat6/moviesite/movie/image/movie/52507.jpg.1' saved [32075/32075]

--10:30:22--  http://img1.mtime.com/mt/1897/45897/45897.jpg
           => `/home/cbibadmin/tomcat6/moviesite/movie/image/movie/45897.jpg.1'
Resolving img1.mtime.com... 58.205.216.18
Connecting to img1.mtime.com|58.205.216.18|:80... connected.
HTTP request sent, awaiting response... 200 OK
Length: 13,530 (13K) [image/jpeg]

    0K .......... ...                                        100%  261.38 KB/s

10:30:22 (261.38 KB/s) - `/home/cbibadmin/tomcat6/moviesite/movie/image/movie/45897.jpg.1' saved [13530/13530]

--10:30:22--  http://img1.mtime.com/mt/74/80074/80074.jpg
           => `/home/cbibadmin/tomcat6/moviesite/movie/image/movie/80074.jpg.1'
Resolving img1.mtime.com... 58.205.216.18
Connecting to img1.mtime.com|58.205.216.18|:80... connected.
HTTP request sent, awaiting response... 200 OK
Length: 12,664 (12K) [image/jpeg]

    0K .......... ..                                         100%  249.88 KB/s

10:30:22 (249.88 KB/s) - `/home/cbibadmin/tomcat6/moviesite/movie/image/movie/80074.jpg.1' saved [12664/12664]

--10:30:22--  http://img1.mtime.com/mt/735/94735/94735.jpg
           => `/home/cbibadmin/tomcat6/moviesite/movie/image/movie/94735.jpg.1'
Resolving img1.mtime.com... 58.205.216.18
Connecting to img1.mtime.com|58.205.216.18|:80... connected.
HTTP request sent, awaiting response... 200 OK
Length: 17,361 (17K) [image/jpeg]

    0K .......... ......                                     100%  337.15 KB/s

10:30:22 (337.15 KB/s) - `/home/cbibadmin/tomcat6/moviesite/movie/image/movie/94735.jpg.1' saved [17361/17361]

--10:30:22--  http://img1.mtime.com/mt/647/84647/84647.jpg
           => `/home/cbibadmin/tomcat6/moviesite/movie/image/movie/84647.jpg.1'
Resolving img1.mtime.com... 58.205.216.18
Connecting to img1.mtime.com|58.205.216.18|:80... connected.
HTTP request sent, awaiting response... 200 OK
Length: 9,223 (9.0K) [image/jpeg]

    0K .........                                             100%  422.50 KB/s

10:30:22 (422.50 KB/s) - `/home/cbibadmin/tomcat6/moviesite/movie/image/movie/84647.jpg.1' saved [9223/9223]

--10:30:22--  http://img1.mtime.com/mt/1819/75819/75819.jpg
           => `/home/cbibadmin/tomcat6/moviesite/movie/image/movie/75819.jpg.1'
Resolving img1.mtime.com... 58.205.216.18
Connecting to img1.mtime.com|58.205.216.18|:80... connected.
HTTP request sent, awaiting response... 200 OK
Length: 31,851 (31K) [image/jpeg]

    0K .......... .......... .......... .                    100%  415.12 KB/s

10:30:22 (415.12 KB/s) - `/home/cbibadmin/tomcat6/moviesite/movie/image/movie/75819.jpg.1' saved [31851/31851]

--10:30:22--  http://img1.mtime.com/mt/1238/51238/51238.jpg
           => `/home/cbibadmin/tomcat6/moviesite/movie/image/movie/51238.jpg.1'
Resolving img1.mtime.com... 58.205.216.18
Connecting to img1.mtime.com|58.205.216.18|:80... connected.
HTTP request sent, awaiting response... 200 OK
Length: 33,351 (33K) [image/jpeg]

    0K .......... .......... .......... ..                   100%  445.46 KB/s

10:30:22 (445.46 KB/s) - `/home/cbibadmin/tomcat6/moviesite/movie/image/movie/51238.jpg.1' saved [33351/33351]

--10:30:22--  http://img1.mtime.com/mt/1732/53732/53732.jpg
           => `/home/cbibadmin/tomcat6/moviesite/movie/image/movie/53732.jpg.1'
Resolving img1.mtime.com... 58.205.216.18
Connecting to img1.mtime.com|58.205.216.18|:80... connected.
HTTP request sent, awaiting response... 200 OK
Length: 38,132 (37K) [image/jpeg]

    0K .......... .......... .......... .......              100%  489.34 KB/s

10:30:22 (489.34 KB/s) - `/home/cbibadmin/tomcat6/moviesite/movie/image/movie/53732.jpg.1' saved [38132/38132]

/home/movie/movie/sgetinfo.py:134: Warning: Data truncated for column 'htime' at row 1
  cursor.execute(sqltime, para)
预见未来
梅兰芳
叶问
赤壁（下）
非诚勿扰
大搜查
极地特快
闪电狗
桃花运
马达加斯加2：逃往非洲
finish one comment
finish one comment
finish one comment
finish one comment
finish one comment
finish one comment
finish one comment
finish one comment
finish one comment
finish one comment
finish one comment
finish one comment
finish one comment
finish one comment
finish one comment
finish one comment
finish one comment
finish one comment
finish one comment
finish one comment
finish one comment
finish one comment
finish one comment
finish one comment
finish one comment
finish one comment
finish one comment
finish one comment
finish one comment
finish one comment
delete all tomorrow&aftomorrow movieinfo
finish time table
finish tomorrow page
finish aftomorrow page
--10:30:23--  http://img1.mtime.com/mt/507/52507/52507.jpg
           => `/home/cbibadmin/tomcat6/moviesite/movie/image/movie/52507.jpg.1'
Resolving img1.mtime.com... 58.205.216.18
Connecting to img1.mtime.com|58.205.216.18|:80... connected.
HTTP request sent, awaiting response... 200 OK
Length: 32,075 (31K) [image/jpeg]

    0K .......... .......... .......... .                    100%  474.83 KB/s

10:30:24 (474.83 KB/s) - `/home/cbibadmin/tomcat6/moviesite/movie/image/movie/52507.jpg.1' saved [32075/32075]

--10:30:24--  http://img1.mtime.com/mt/1897/45897/45897.jpg
           => `/home/cbibadmin/tomcat6/moviesite/movie/image/movie/45897.jpg.1'
Resolving img1.mtime.com... 58.205.216.18
Connecting to img1.mtime.com|58.205.216.18|:80... connected.
HTTP request sent, awaiting response... 200 OK
Length: 13,530 (13K) [image/jpeg]

    0K .......... ...                                        100%  293.01 KB/s

10:30:24 (293.01 KB/s) - `/home/cbibadmin/tomcat6/moviesite/movie/image/movie/45897.jpg.1' saved [13530/13530]

--10:30:24--  http://img1.mtime.com/mt/74/80074/80074.jpg
           => `/home/cbibadmin/tomcat6/moviesite/movie/image/movie/80074.jpg.1'
Resolving img1.mtime.com... 58.205.216.18
Connecting to img1.mtime.com|58.205.216.18|:80... connected.
HTTP request sent, awaiting response... 200 OK
Length: 12,664 (12K) [image/jpeg]

    0K .......... ..                                         100%  280.78 KB/s

10:30:24 (280.78 KB/s) - `/home/cbibadmin/tomcat6/moviesite/movie/image/movie/80074.jpg.1' saved [12664/12664]

--10:30:24--  http://img1.mtime.com/mt/735/94735/94735.jpg
           => `/home/cbibadmin/tomcat6/moviesite/movie/image/movie/94735.jpg.1'
Resolving img1.mtime.com... 58.205.216.18
Connecting to img1.mtime.com|58.205.216.18|:80... connected.
HTTP request sent, awaiting response... 200 OK
Length: 17,361 (17K) [image/jpeg]

    0K .......... ......                                     100%  378.75 KB/s

10:30:24 (378.75 KB/s) - `/home/cbibadmin/tomcat6/moviesite/movie/image/movie/94735.jpg.1' saved [17361/17361]

--10:30:24--  http://img1.mtime.com/mt/647/84647/84647.jpg
           => `/home/cbibadmin/tomcat6/moviesite/movie/image/movie/84647.jpg.1'
Resolving img1.mtime.com... 58.205.216.18
Connecting to img1.mtime.com|58.205.216.18|:80... connected.
HTTP request sent, awaiting response... 200 OK
Length: 9,223 (9.0K) [image/jpeg]

    0K .........                                             100%  365.52 KB/s

10:30:24 (365.52 KB/s) - `/home/cbibadmin/tomcat6/moviesite/movie/image/movie/84647.jpg.1' saved [9223/9223]

--10:30:24--  http://img1.mtime.com/mt/1819/75819/75819.jpg
           => `/home/cbibadmin/tomcat6/moviesite/movie/image/movie/75819.jpg.1'
Resolving img1.mtime.com... 58.205.216.18
Connecting to img1.mtime.com|58.205.216.18|:80... connected.
HTTP request sent, awaiting response... 200 OK
Length: 31,851 (31K) [image/jpeg]

    0K .......... .......... .......... .                    100%  462.16 KB/s

10:30:25 (462.16 KB/s) - `/home/cbibadmin/tomcat6/moviesite/movie/image/movie/75819.jpg.1' saved [31851/31851]

--10:30:25--  http://img1.mtime.com/mt/1183/11183/11183.jpg
           => `/home/cbibadmin/tomcat6/moviesite/movie/image/movie/11183.jpg.1'
Resolving img1.mtime.com... 58.205.216.18
Connecting to img1.mtime.com|58.205.216.18|:80... connected.
HTTP request sent, awaiting response... 200 OK
Length: 36,370 (36K) [image/jpeg]

    0K .......... .......... .......... .....                100%  384.31 KB/s

10:30:25 (384.31 KB/s) - `/home/cbibadmin/tomcat6/moviesite/movie/image/movie/11183.jpg.1' saved [36370/36370]

--10:30:25--  http://img1.mtime.com/mt/1238/51238/51238.jpg
           => `/home/cbibadmin/tomcat6/moviesite/movie/image/movie/51238.jpg.1'
Resolving img1.mtime.com... 58.205.216.18
Connecting to img1.mtime.com|58.205.216.18|:80... connected.
HTTP request sent, awaiting response... 200 OK
Length: 33,351 (33K) [image/jpeg]

    0K .......... .......... .......... ..                   100%  439.97 KB/s

10:30:25 (439.97 KB/s) - `/home/cbibadmin/tomcat6/moviesite/movie/image/movie/51238.jpg.1' saved [33351/33351]

--10:30:25--  http://img1.mtime.com/mt/1728/45728/45728.jpg
           => `/home/cbibadmin/tomcat6/moviesite/movie/image/movie/45728.jpg.1'
Resolving img1.mtime.com... 58.205.216.18
Connecting to img1.mtime.com|58.205.216.18|:80... connected.
HTTP request sent, awaiting response... 200 OK
Length: 15,549 (15K) [image/jpeg]

    0K .......... .....                                      100%  336.90 KB/s

10:30:25 (336.90 KB/s) - `/home/cbibadmin/tomcat6/moviesite/movie/image/movie/45728.jpg.1' saved [15549/15549]

--10:30:25--  http://img1.mtime.com/mt/1732/53732/53732.jpg
           => `/home/cbibadmin/tomcat6/moviesite/movie/image/movie/53732.jpg.1'
Resolving img1.mtime.com... 58.205.216.18
Connecting to img1.mtime.com|58.205.216.18|:80... connected.
HTTP request sent, awaiting response... 200 OK
Length: 38,132 (37K) [image/jpeg]

    0K .......... .......... .......... .......              100%  420.28 KB/s

10:30:25 (420.28 KB/s) - `/home/cbibadmin/tomcat6/moviesite/movie/image/movie/53732.jpg.1' saved [38132/38132]

/home/movie/movie/sgetinfo.py:134: Warning: Data truncated for column 'htime' at row 1
  cursor.execute(sqltime, para)
梅兰芳
叶问
赤壁（下）
非诚勿扰
大搜查
极地特快
闪电狗
马达加斯加2：逃往非洲
finish one comment
finish one comment
finish one comment
finish one comment
finish one comment
finish one comment
finish one comment
finish one comment
finish one comment
finish one comment
finish one comment
finish one comment
finish one comment
finish one comment
finish one comment
finish one comment
finish one comment
finish one comment
finish one comment
finish one comment
finish one comment
finish one comment
finish one comment
finish one comment
delete all tomorrow&aftomorrow movieinfo
finish time table
finish tomorrow page
finish aftomorrow page
--10:30:24--  http://img1.mtime.com/mt/1897/45897/45897.jpg
           => `/home/cbibadmin/tomcat6/moviesite/movie/image/movie/45897.jpg.1'
Resolving img1.mtime.com... 58.205.216.18
Connecting to img1.mtime.com|58.205.216.18|:80... connected.
HTTP request sent, awaiting response... 200 OK
Length: 13,530 (13K) [image/jpeg]

    0K .......... ...                                        100%  275.42 KB/s

10:30:24 (275.42 KB/s) - `/home/cbibadmin/tomcat6/moviesite/movie/image/movie/45897.jpg.1' saved [13530/13530]

--10:30:24--  http://img1.mtime.com/mt/74/80074/80074.jpg
           => `/home/cbibadmin/tomcat6/moviesite/movie/image/movie/80074.jpg.1'
Resolving img1.mtime.com... 58.205.216.18
Connecting to img1.mtime.com|58.205.216.18|:80... connected.
HTTP request sent, awaiting response... 200 OK
Length: 12,664 (12K) [image/jpeg]

    0K .......... ..                                         100%  273.47 KB/s

10:30:24 (273.47 KB/s) - `/home/cbibadmin/tomcat6/moviesite/movie/image/movie/80074.jpg.1' saved [12664/12664]

--10:30:24--  http://img1.mtime.com/mt/735/94735/94735.jpg
           => `/home/cbibadmin/tomcat6/moviesite/movie/image/movie/94735.jpg.1'
Resolving img1.mtime.com... 58.205.216.18
Connecting to img1.mtime.com|58.205.216.18|:80... connected.
HTTP request sent, awaiting response... 200 OK
Length: 17,361 (17K) [image/jpeg]

    0K .......... ......                                     100%  398.50 KB/s

10:30:24 (398.50 KB/s) - `/home/cbibadmin/tomcat6/moviesite/movie/image/movie/94735.jpg.1' saved [17361/17361]

--10:30:24--  http://img1.mtime.com/mt/647/84647/84647.jpg
           => `/home/cbibadmin/tomcat6/moviesite/movie/image/movie/84647.jpg.1'
Resolving img1.mtime.com... 58.205.216.18
Connecting to img1.mtime.com|58.205.216.18|:80... connected.
HTTP request sent, awaiting response... 200 OK
Length: 9,223 (9.0K) [image/jpeg]

    0K .........                                             100%  423.73 KB/s

10:30:24 (423.73 KB/s) - `/home/cbibadmin/tomcat6/moviesite/movie/image/movie/84647.jpg.1' saved [9223/9223]

--10:30:24--  http://img1.mtime.com/mt/1819/75819/75819.jpg
           => `/home/cbibadmin/tomcat6/moviesite/movie/image/movie/75819.jpg.1'
Resolving img1.mtime.com... 58.205.216.18
Connecting to img1.mtime.com|58.205.216.18|:80... connected.
HTTP request sent, awaiting response... 200 OK
Length: 31,851 (31K) [image/jpeg]

    0K .......... .......... .......... .                    100%  414.62 KB/s

10:30:24 (414.62 KB/s) - `/home/cbibadmin/tomcat6/moviesite/movie/image/movie/75819.jpg.1' saved [31851/31851]

--10:30:24--  http://img1.mtime.com/mt/1183/11183/11183.jpg
           => `/home/cbibadmin/tomcat6/moviesite/movie/image/movie/11183.jpg.1'
Resolving img1.mtime.com... 58.205.216.18
Connecting to img1.mtime.com|58.205.216.18|:80... connected.
HTTP request sent, awaiting response... 200 OK
Length: 36,370 (36K) [image/jpeg]

    0K .......... .......... .......... .....                100%  383.00 KB/s

10:30:24 (383.00 KB/s) - `/home/cbibadmin/tomcat6/moviesite/movie/image/movie/11183.jpg.1' saved [36370/36370]

--10:30:24--  http://img1.mtime.com/mt/1238/51238/51238.jpg
           => `/home/cbibadmin/tomcat6/moviesite/movie/image/movie/51238.jpg.1'
Resolving img1.mtime.com... 58.205.216.18
Connecting to img1.mtime.com|58.205.216.18|:80... connected.
HTTP request sent, awaiting response... 200 OK
Length: 33,351 (33K) [image/jpeg]

    0K .......... .......... .......... ..                   100%  448.75 KB/s

10:30:24 (448.75 KB/s) - `/home/cbibadmin/tomcat6/moviesite/movie/image/movie/51238.jpg.1' saved [33351/33351]

--10:30:24--  http://img1.mtime.com/mt/1732/53732/53732.jpg
           => `/home/cbibadmin/tomcat6/moviesite/movie/image/movie/53732.jpg.1'
Resolving img1.mtime.com... 58.205.216.18
Connecting to img1.mtime.com|58.205.216.18|:80... connected.
HTTP request sent, awaiting response... 200 OK
Length: 38,132 (37K) [image/jpeg]

    0K .......... .......... .......... .......              100%  387.48 KB/s

10:30:25 (387.48 KB/s) - `/home/cbibadmin/tomcat6/moviesite/movie/image/movie/53732.jpg.1' saved [38132/38132]

/home/movie/movie/sgetinfo.py:134: Warning: Data truncated for column 'htime' at row 1
  cursor.execute(sqltime, para)
梅兰芳
叶问
赤壁（下）
爱呼2：爱情左右
非诚勿扰
大搜查
极地特快
闪电狗
马达加斯加2：逃往非洲
finish one comment
finish one comment
finish one comment
finish one comment
finish one comment
finish one comment
finish one comment
finish one comment
finish one comment
finish one comment
finish one comment
finish one comment
finish one comment
finish one comment
finish one comment
finish one comment
finish one comment
finish one comment
finish one comment
finish one comment
finish one comment
finish one comment
finish one comment
finish one comment
finish one comment
finish one comment
finish one comment
delete all tomorrow&aftomorrow movieinfo
finish time table
finish tomorrow page
finish aftomorrow page
--10:30:21--  http://img1.mtime.com/mt/1897/45897/45897.jpg
           => `/home/cbibadmin/tomcat6/moviesite/movie/image/movie/45897.jpg.1'
Resolving img1.mtime.com... 58.205.216.18
Connecting to img1.mtime.com|58.205.216.18|:80... connected.
HTTP request sent, awaiting response... 200 OK
Length: 13,530 (13K) [image/jpeg]

    0K .......... ...                                        100%  275.28 KB/s

10:30:21 (275.28 KB/s) - `/home/cbibadmin/tomcat6/moviesite/movie/image/movie/45897.jpg.1' saved [13530/13530]

--10:30:21--  http://img1.mtime.com/mt/74/80074/80074.jpg
           => `/home/cbibadmin/tomcat6/moviesite/movie/image/movie/80074.jpg.1'
Resolving img1.mtime.com... 58.205.216.18
Connecting to img1.mtime.com|58.205.216.18|:80... connected.
HTTP request sent, awaiting response... 200 OK
Length: 12,664 (12K) [image/jpeg]

    0K .......... ..                                         100%  296.08 KB/s

10:30:21 (296.08 KB/s) - `/home/cbibadmin/tomcat6/moviesite/movie/image/movie/80074.jpg.1' saved [12664/12664]

--10:30:22--  http://img1.mtime.com/mt/735/94735/94735.jpg
           => `/home/cbibadmin/tomcat6/moviesite/movie/image/movie/94735.jpg.1'
Resolving img1.mtime.com... 58.205.216.18
Connecting to img1.mtime.com|58.205.216.18|:80... connected.
HTTP request sent, awaiting response... 200 OK
Length: 17,361 (17K) [image/jpeg]

    0K .......... ......                                     100%  376.43 KB/s

10:30:22 (376.43 KB/s) - `/home/cbibadmin/tomcat6/moviesite/movie/image/movie/94735.jpg.1' saved [17361/17361]

--10:30:22--  http://img1.mtime.com/mt/1929/87929/87929.jpg
           => `/home/cbibadmin/tomcat6/moviesite/movie/image/movie/87929.jpg'
Resolving img1.mtime.com... 58.205.216.18
Connecting to img1.mtime.com|58.205.216.18|:80... connected.
HTTP request sent, awaiting response... 200 OK
Length: 16,075 (16K) [image/jpeg]

    0K .......... .....                                      100%  319.95 KB/s

10:30:22 (319.95 KB/s) - `/home/cbibadmin/tomcat6/moviesite/movie/image/movie/87929.jpg' saved [16075/16075]

--10:30:22--  http://img1.mtime.com/mt/647/84647/84647.jpg
           => `/home/cbibadmin/tomcat6/moviesite/movie/image/movie/84647.jpg.1'
Resolving img1.mtime.com... 58.205.216.18
Connecting to img1.mtime.com|58.205.216.18|:80... connected.
HTTP request sent, awaiting response... 200 OK
Length: 9,223 (9.0K) [image/jpeg]

    0K .........                                             100%  309.77 KB/s

10:30:22 (309.77 KB/s) - `/home/cbibadmin/tomcat6/moviesite/movie/image/movie/84647.jpg.1' saved [9223/9223]

--10:30:22--  http://img1.mtime.com/mt/1819/75819/75819.jpg
           => `/home/cbibadmin/tomcat6/moviesite/movie/image/movie/75819.jpg.1'
Resolving img1.mtime.com... 58.205.216.18
Connecting to img1.mtime.com|58.205.216.18|:80... connected.
HTTP request sent, awaiting response... 200 OK
Length: 31,851 (31K) [image/jpeg]

    0K .......... .......... .......... .                    100%  429.93 KB/s

10:30:22 (429.93 KB/s) - `/home/cbibadmin/tomcat6/moviesite/movie/image/movie/75819.jpg.1' saved [31851/31851]

--10:30:22--  http://img1.mtime.com/mt/1183/11183/11183.jpg
           => `/home/cbibadmin/tomcat6/moviesite/movie/image/movie/11183.jpg.1'
Resolving img1.mtime.com... 58.205.216.18
Connecting to img1.mtime.com|58.205.216.18|:80... connected.
HTTP request sent, awaiting response... 200 OK
Length: 14,759 (14K) [image/jpeg]

    0K .......... ....                                       100%  315.32 KB/s

10:30:22 (315.32 KB/s) - `/home/cbibadmin/tomcat6/moviesite/movie/image/movie/11183.jpg.1' saved [14759/14759]

--10:30:22--  http://img1.mtime.com/mt/1238/51238/51238.jpg
           => `/home/cbibadmin/tomcat6/moviesite/movie/image/movie/51238.jpg.1'
Resolving img1.mtime.com... 58.205.216.18
Connecting to img1.mtime.com|58.205.216.18|:80... connected.
HTTP request sent, awaiting response... 200 OK
Length: 33,351 (33K) [image/jpeg]

    0K .......... .......... .......... ..                   100%  435.18 KB/s

10:30:22 (435.18 KB/s) - `/home/cbibadmin/tomcat6/moviesite/movie/image/movie/51238.jpg.1' saved [33351/33351]

--10:30:22--  http://img1.mtime.com/mt/1732/53732/53732.jpg
           => `/home/cbibadmin/tomcat6/moviesite/movie/image/movie/53732.jpg.1'
Resolving img1.mtime.com... 58.205.216.18
Connecting to img1.mtime.com|58.205.216.18|:80... connected.
HTTP request sent, awaiting response... 200 OK
Length: 38,132 (37K) [image/jpeg]

    0K .......... .......... .......... .......              100%  535.95 KB/s

10:30:22 (535.95 KB/s) - `/home/cbibadmin/tomcat6/moviesite/movie/image/movie/53732.jpg.1' saved [38132/38132]

