1231158301000
1231158901000
1231160101000
1231160701000
1231161901000
1231162501000
1231163701000
1231164301000
1231165502000
1231166102000
1231167301000
1231167901000
1231169102000
1231169702000
1231170901000
1231171501000
1231172701000
1231173301000
1231174501000
1231175101000
1231176301000
1231176901000
1231178102000
1231178702000
1231179901000
1231180501000
1231181701000
1231182301000
1231183501000
1231184101000
1231185301000
1231185901000
1231187102000
1231187702000
1231188901000
1231189501000
1231190701000
1231191301000
1231192501000
1231193101000
1231194302000
1231194902000
1231196102000
1231196702000
1231230302000
1231230902000
1231232101000
1231232701000
1231233901000
1231234501000
1231235701000
1231236301000
1231237501000
1231238101000
1231239301000
1231239901000
1231241101000
1231241701000
1231242902000
1231243502000
1231244701000
1231245301000
1231246501000
1231247101000
1231248301000
1231248901000
1231250101000
1231250701000
1231251902000
1231252502000
1231253701000
1231254301000
1231255501000
1231256101000
1231257301000
1231257901000
1231259101000
1231259701000
1231260905000
1231261505000
1231262701000
1231263301000
1231264501000
1231265101000
1231266301000
1231266901000
1231268102000
1231268702000
1231269901000
1231270501000
1231271701000
1231272301000
1231273501000
1231274101000
1231275301000
1231275901000
1231277101000
1231277701000
1231278901000
1231279501000
1231280701000
1231281301000
1231282501000
1231283101000
1231316702000
1231317302000
1231318501000
1231319101000
1231320301000
1231320901000
1231322104000
1231322704000
1231323901000
1231324501000
1231325701000
1231326301000
1231327502000
1231328102000
1231329301000
1231329901000
1231331101000
1231331701000
1231332901000
1231333501000
1231334701000
1231335301000
1231336501000
1231337101000
1231338301000
1231338901000
1231340101000
1231340701000
1231341901000
1231342501000
1231343702000
1231344302000
1231345501000
1231346101000
1231347301000
1231347901000
1231349101000
1231349701000
1231350901000
1231351501000
1231352701000
1231353301000
1231354501000
1231355101000
1231356301000
1231356901000
1231358101000
1231358701000
1231359901000
1231360501000
1231361701000
1231362301000
1231363502000
1231364102000
1231365301000
1231365901000
1231367102000
1231367702000
1231368901000
1231369501000
1231403102000
1231403702000
1231404901000
1231405501000
1231406701000
1231407301000
1231408501000
1231409101000
1231410301000
1231410901000
1231412101000
1231412701000
1231413901000
1231414501000
1231415701000
1231416301000
1231417501000
1231418101000
1231419301000
1231419901000
1231421101000
1231421701000
1231422901000
1231423501000
1231424701000
1231425301000
1231426502000
1231427102000
1231428301000
1231428901000
1231430101000
1231430701000
1231431901000
1231432501000
1231433701000
1231434301000
1231435501000
1231436101000
1231437302000
1231437902000
1231439101000
1231439701000
1231440901000
1231441501000
1231442701000
1231443301000
1231444501000
1231445101000
1231446301000
1231446901000
1231448101000
1231448701000
1231449904000
1231450504000
1231451701000
1231452301000
1231453502000
1231454102000
1231455301000
1231455901000
1231489502000
1231490102000
1231491302000
1231491902000
1231493101000
1231493701000
1231494901000
1231495501000
1231496706000
1231497306000
1231498503000
1231499103000
1231500302000
1231500902000
1231502101000
1231502701000
1231503901000
1231504501000
1231505701000
1231506301000
1231507501000
1231508101000
1231509302000
1231509902000
1231511101000
1231511701000
1231512902000
1231513502000
1231514701000
1231515301000
1231516501000
1231517101000
1231518301000
1231518901000
1231520102000
1231520702000
1231521901000
1231522501000
1231523701000
1231524301000
1231525501000
1231526101000
1231527301000
1231527901000
1231529101000
1231529701000
1231530904000
1231531504000
1231532701000
1231533301000
1231534501000
1231535101000
1231536301000
1231536901000
1231538101000
1231538701000
1231539901000
1231540501000
1231541701000
1231542301000
1231575902000
1231576502000
1231577702000
1231578302000
1231579501000
1231580101000
1231581301000
1231581901000
1231583101000
1231583701000
1231584902000
1231585502000
1231586701000
1231587301000
1231588501000
1231589101000
1231590301000
1231590901000
1231592101000
1231592701000
1231593901000
1231594501000
1231595701000
1231596301000
1231597501000
1231598101000
1231599301000
1231599901000
1231601101000
1231601701000
1231602902000
1231603502000
1231604701000
1231605301000
1231606501000
1231607101000
1231608301000
1231608901000
1231610101000
1231610701000
1231611901000
1231612501000
1231613701000
1231614301000
1231615501000
1231616101000
1231617301000
1231617901000
1231619101000
1231619701000
1231620902000
1231621502000
1231622701000
1231623301000
1231624501000
1231625101000
1231626301000
1231626901000
1231628101000
1231628701000
1231662302000
1231662902000
1231664101000
1231664701000
1231665901000
1231666501000
1231667701000
1231668301000
1231669501000
1231670101000
1231671301000
1231671901000
1231673101000
1231673701000
1231674901000
1231675501000
1231676701000
1231677301000
1231678502000
1231679102000
1231680301000
1231680901000
1231682101000
1231682701000
1231683901000
1231684501000
1231685701000
1231686301000
1231687501000
1231688101000
1231689301000
1231689901000
1231691101000
1231691701000
1231692901000
1231693501000
1231694702000
1231695302000
1231696501000
1231697101000
1231698302000
1231698902000
1231700101000
1231700701000
1231701901000
1231702501000
1231703701000
1231704301000
1231705501000
1231706101000
1231707301000
1231707901000
1231709101000
1231709701000
1231710901000
1231711501000
1231712701000
1231713301000
1231714501000
1231715101000
1231746902000
1231747502000
(2009, 1, 12, 8, 0, 4, 0, 12, 0) send email
1231748701000
1231749301000
1231752302000
1231752902000
1231754101000
1231754701000
1231755901000
1231756501000
1231757701000
1231758301000
1231759501000
1231760101000
1231761301000
1231761901000
1231763101000
1231763701000
1231764901000
1231765501000
1231766701000
1231767301000
1231768501000
1231769101000
1231770302000
1231770902000
1231772101000
1231772701000
1231773901000
1231774501000
1231775701000
1231776301000
1231777501000
1231778101000
1231779303000
1231779903000
1231781102000
1231781702000
1231782901000
1231783501000
1231784701000
1231785301000
1231786501000
1231787101000
1231788301000
1231788901000
1231790101000
1231790701000
1231791902000
1231792502000
1231793701000
1231794301000
1231795501000
1231796101000
1231797301000
1231797901000
1231833302000
1231833902000
(2009, 1, 13, 8, 0, 4, 1, 13, 0) send email
1231835101000
1231835701000
1231836901000
1231837501000
1231838701000
1231839301000
1231840501000
1231841101000
1231842301000
1231842901000
1231844101000
1231844701000
1231845902000
1231846502000
1231847701000
1231848301000
1231849501000
1231850101000
1231851301000
1231851901000
1231853101000
1231853701000
1231854901000
1231855501000
1231856701000
1231857301000
1231858501000
1231859101000
1231860304000
1231860904000
1231862101000
1231862701000
1231863901000
1231864501000
1231865701000
1231866301000
